
> moses-portfolio@0.1.0 build
> next build

[baseline-browser-mapping] The data in this module is over two months old.  To ensure accurate Baseline data, please update: `npm i baseline-browser-mapping@latest -D`
   ▲ Next.js 16.0.10 (Turbopack)
   - Environments: .env

   Creating an optimized production build ...
[baseline-browser-mapping] The data in this module is over two months old.  To ensure accurate Baseline data, please update: `npm i baseline-browser-mapping@latest -D`
 ✓ Compiled successfully in 32.8s
   Running TypeScript ...
   Collecting page data using 7 workers ...
[baseline-browser-mapping] The data in this module is over two months old.  To ensure accurate Baseline data, please update: `npm i baseline-browser-mapping@latest -D`
[baseline-browser-mapping] The data in this module is over two months old.  To ensure accurate Baseline data, please update: `npm i baseline-browser-mapping@latest -D`
[baseline-browser-mapping] The data in this module is over two months old.  To ensure accurate Baseline data, please update: `npm i baseline-browser-mapping@latest -D`
[baseline-browser-mapping] The data in this module is over two months old.  To ensure accurate Baseline data, please update: `npm i baseline-browser-mapping@latest -D`
[baseline-browser-mapping] The data in this module is over two months old.  To ensure accurate Baseline data, please update: `npm i baseline-browser-mapping@latest -D`
[baseline-browser-mapping] The data in this module is over two months old.  To ensure accurate Baseline data, please update: `npm i baseline-browser-mapping@latest -D`
[baseline-browser-mapping] The data in this module is over two months old.  To ensure accurate Baseline data, please update: `npm i baseline-browser-mapping@latest -D`
   Generating static pages using 7 workers (0/12) ...
[baseline-browser-mapping] The data in this module is over two months old.  To ensure accurate Baseline data, please update: `npm i baseline-browser-mapping@latest -D`
   Generating static pages using 7 workers (3/12) 
   Generating static pages using 7 workers (6/12) 
TypeError: fetch failed
    at ignore-listed frames {
  [cause]: Error [ConnectTimeoutError]: Connect Timeout Error (attempted address: accelerate.prisma-data.net:443, timeout: 10000ms)
      at ignore-listed frames {
    code: 'UND_ERR_CONNECT_TIMEOUT'
  }
}
TypeError: fetch failed
    at ignore-listed frames {
  [cause]: Error [ConnectTimeoutError]: Connect Timeout Error (attempted address: accelerate.prisma-data.net:443, timeout: 10000ms)
      at ignore-listed frames {
    code: 'UND_ERR_CONNECT_TIMEOUT'
  }
}
TypeError: fetch failed
    at ignore-listed frames {
  [cause]: Error [ConnectTimeoutError]: Connect Timeout Error (attempted address: accelerate.prisma-data.net:443, timeout: 10000ms)
      at ignore-listed frames {
    code: 'UND_ERR_CONNECT_TIMEOUT'
  }
}
TypeError: fetch failed
    at ignore-listed frames {
  [cause]: Error [ConnectTimeoutError]: Connect Timeout Error (attempted address: accelerate.prisma-data.net:443, timeout: 10000ms)
      at ignore-listed frames {
    code: 'UND_ERR_CONNECT_TIMEOUT'
  }
}
TypeError: fetch failed
    at ignore-listed frames {
  [cause]: Error [ConnectTimeoutError]: Connect Timeout Error (attempted address: accelerate.prisma-data.net:443, timeout: 10000ms)
      at ignore-listed frames {
    code: 'UND_ERR_CONNECT_TIMEOUT'
  }
}
TypeError: fetch failed
    at ignore-listed frames {
  [cause]: Error [ConnectTimeoutError]: Connect Timeout Error (attempted address: accelerate.prisma-data.net:443, timeout: 10000ms)
      at ignore-listed frames {
    code: 'UND_ERR_CONNECT_TIMEOUT'
  }
}
Prisma Accelerate Connection Error (Gracefully handled): Error: Unable to connect to the Accelerate API. This may be due to a network or DNS issue. Please check your connection and the Accelerate connection string. For details, visit https://www.prisma.io/docs/accelerate/troubleshoot.
    at <unknown> (.next/server/chunks/ssr/[root-of-the-server]__78701dd6._.js:1:2580)
    at async d (.next/server/chunks/ssr/[root-of-the-server]__825b5f67._.js:1:5319) {
  clientVersion: '7.8.0'
}
   Generating static pages using 7 workers (9/12) 
 ✓ Generating static pages using 7 workers (12/12) in 17.1s
   Finalizing page optimization ...

Route (app)
┌ ○ /
├ ○ /_not-found
├ ƒ /api/contact
├ ○ /contact
├ ○ /experience
├ ○ /icon
├ ƒ /moze-cmd-center
├ ƒ /moze-cmd-center/experience
├ ƒ /moze-cmd-center/projects
├ ƒ /moze-cmd-center/skills
├ ƒ /project
├ ƒ /project/[id]
├ ○ /robots.txt
├ ○ /sitemap.xml
└ ○ /skill


○  (Static)   prerendered as static content
ƒ  (Dynamic)  server-rendered on demand

